TN:
SF:C:\Users\Dell\Desktop\y-components\src\svg.js
FN:1,(anonymous_0)
FN:13,(anonymous_1)
FN:15,(anonymous_2)
FN:19,(anonymous_3)
FN:21,(anonymous_4)
FN:28,(anonymous_5)
FN:32,(anonymous_6)
FNF:7
FNH:4
FNDA:5,(anonymous_0)
FNDA:5,(anonymous_1)
FNDA:5,(anonymous_2)
FNDA:0,(anonymous_3)
FNDA:0,(anonymous_4)
FNDA:0,(anonymous_5)
FNDA:5,(anonymous_6)
DA:1,5
DA:3,5
DA:4,5
DA:5,5
DA:6,0
DA:7,0
DA:8,0
DA:10,0
DA:13,5
DA:14,5
DA:15,5
DA:16,5
DA:18,5
DA:19,0
DA:20,0
DA:22,0
DA:23,0
DA:25,0
DA:27,0
DA:29,0
DA:34,5
LF:21
LH:10
BRDA:5,0,0,0
BRDA:5,0,1,5
BRDA:5,1,0,5
BRDA:5,1,1,0
BRDA:10,2,0,0
BRDA:10,2,1,0
BRDA:14,3,0,5
BRDA:14,3,1,0
BRDA:14,4,0,0
BRDA:14,4,1,5
BRDA:19,5,0,0
BRDA:19,5,1,0
BRDA:20,6,0,0
BRDA:20,6,1,0
BRDA:29,7,0,0
BRDA:29,7,1,0
BRDA:34,8,0,5
BRDA:34,8,1,5
BRDA:34,9,0,5
BRDA:34,9,1,0
BRF:20
BRH:7
end_of_record
TN:
SF:C:\Users\Dell\Desktop\y-components\src\icon.vue
FNF:0
FNH:0
LF:0
LH:0
BRF:0
BRH:0
end_of_record
TN:
SF:C:\Users\Dell\Desktop\y-components\src\button\button.vue
FN:31,(anonymous_0)
FN:37,(anonymous_1)
FNF:2
FNH:2
FNDA:5,(anonymous_0)
FNDA:5,(anonymous_1)
DA:32,5
DA:38,5
LF:2
LH:2
BRDA:32,0,0,5
BRDA:32,0,1,1
BRF:2
BRH:2
end_of_record
TN:
SF:C:\Users\Dell\Desktop\y-components\tests\unit\button.spec.js
FN:9,(anonymous_0)
FN:10,(anonymous_1)
FN:13,(anonymous_2)
FN:22,(anonymous_3)
FN:35,(anonymous_4)
FN:47,(anonymous_5)
FN:59,(anonymous_6)
FNF:7
FNH:7
FNDA:1,(anonymous_0)
FNDA:1,(anonymous_1)
FNDA:1,(anonymous_2)
FNDA:1,(anonymous_3)
FNDA:1,(anonymous_4)
FNDA:1,(anonymous_5)
FNDA:1,(anonymous_6)
DA:7,1
DA:9,1
DA:10,1
DA:11,1
DA:13,1
DA:14,1
DA:19,1
DA:20,1
DA:22,1
DA:23,1
DA:29,1
DA:30,1
DA:31,1
DA:32,1
DA:35,1
DA:36,1
DA:42,1
DA:43,1
DA:44,1
DA:47,1
DA:48,1
DA:55,1
DA:56,1
DA:57,1
DA:59,1
DA:60,1
DA:65,1
DA:66,1
DA:67,1
DA:68,1
DA:69,1
LF:31
LH:31
BRF:0
BRH:0
end_of_record
TN:
SF:C:\Users\Dell\Desktop\y-components\src\nav\nav.vue
FN:10,(anonymous_0)
FN:25,(anonymous_1)
FN:31,(anonymous_2)
FN:35,(anonymous_3)
FN:39,(anonymous_4)
FN:42,(anonymous_5)
FN:43,(anonymous_6)
FN:51,(anonymous_7)
FN:52,(anonymous_8)
FN:53,(anonymous_9)
FNF:10
FNH:9
FNDA:2,(anonymous_0)
FNDA:2,(anonymous_1)
FNDA:2,(anonymous_2)
FNDA:0,(anonymous_3)
FNDA:5,(anonymous_4)
FNDA:2,(anonymous_5)
FNDA:5,(anonymous_6)
FNDA:2,(anonymous_7)
FNDA:5,(anonymous_8)
FNDA:1,(anonymous_9)
DA:11,2
DA:26,2
DA:32,2
DA:33,2
DA:36,0
DA:40,5
DA:43,2
DA:44,5
DA:45,2
DA:47,3
DA:52,2
DA:53,5
DA:54,1
LF:13
LH:12
BRDA:44,0,0,2
BRDA:44,0,1,3
BRF:2
BRH:2
end_of_record
TN:
SF:C:\Users\Dell\Desktop\y-components\src\nav\nav-item.vue
FN:20,(anonymous_0)
FN:25,(anonymous_1)
FN:29,(anonymous_2)
FNF:3
FNH:3
FNDA:5,(anonymous_0)
FNDA:5,(anonymous_1)
FNDA:1,(anonymous_2)
DA:21,5
DA:26,5
DA:30,1
DA:31,1
DA:32,1
LF:5
LH:5
BRDA:31,0,0,1
BRDA:31,0,1,1
BRF:2
BRH:2
end_of_record
TN:
SF:C:\Users\Dell\Desktop\y-components\src\click-outside.js
FN:1,(anonymous_0)
FN:3,(anonymous_1)
FN:13,(anonymous_2)
FN:18,(anonymous_3)
FNF:4
FNH:1
FNDA:0,(anonymous_0)
FNDA:0,(anonymous_1)
FNDA:2,(anonymous_2)
FNDA:0,(anonymous_3)
DA:1,1
DA:2,0
DA:3,0
DA:4,0
DA:6,0
DA:10,1
DA:11,1
DA:14,2
DA:18,1
DA:19,0
LF:10
LH:5
BRDA:4,0,0,0
BRDA:4,0,1,0
BRDA:4,1,0,0
BRDA:4,1,1,0
BRF:4
BRH:0
end_of_record
TN:
SF:C:\Users\Dell\Desktop\y-components\src\nav\sub-nav.vue
FN:44,(anonymous_0)
FN:50,(anonymous_1)
FN:56,(anonymous_2)
FN:62,(anonymous_3)
FN:66,(anonymous_4)
FN:69,(anonymous_5)
FN:76,(anonymous_6)
FN:79,(anonymous_7)
FN:85,(anonymous_8)
FN:88,(anonymous_9)
FNF:10
FNH:3
FNDA:2,(anonymous_0)
FNDA:4,(anonymous_1)
FNDA:0,(anonymous_2)
FNDA:0,(anonymous_3)
FNDA:0,(anonymous_4)
FNDA:0,(anonymous_5)
FNDA:0,(anonymous_6)
FNDA:0,(anonymous_7)
FNDA:0,(anonymous_8)
FNDA:1,(anonymous_9)
DA:45,2
DA:51,4
DA:57,0
DA:58,0
DA:59,0
DA:60,0
DA:61,0
DA:62,0
DA:63,0
DA:67,0
DA:70,0
DA:71,0
DA:72,0
DA:73,0
DA:77,0
DA:80,0
DA:81,0
DA:83,0
DA:86,0
DA:89,1
DA:90,1
DA:91,0
LF:22
LH:4
BRDA:80,0,0,0
BRDA:80,0,1,0
BRDA:90,1,0,0
BRDA:90,1,1,1
BRF:4
BRH:1
end_of_record
TN:
SF:C:\Users\Dell\Desktop\y-components\tests\unit\nav.spec.js
FN:11,(anonymous_0)
FN:12,(anonymous_1)
FN:16,(anonymous_2)
FN:33,(anonymous_3)
FN:40,(anonymous_4)
FNF:5
FNH:5
FNDA:1,(anonymous_0)
FNDA:1,(anonymous_1)
FNDA:1,(anonymous_2)
FNDA:1,(anonymous_3)
FNDA:1,(anonymous_4)
DA:9,1
DA:11,1
DA:12,1
DA:13,1
DA:16,1
DA:17,1
DA:18,1
DA:19,1
DA:33,1
DA:34,1
DA:35,1
DA:40,1
DA:41,1
DA:42,1
DA:43,1
DA:44,1
DA:62,1
DA:63,1
DA:64,1
LF:19
LH:19
BRF:0
BRH:0
end_of_record
TN:
SF:C:\Users\Dell\Desktop\y-components\src\pager\pager.vue
FN:45,(anonymous_0)
FN:50,(anonymous_1)
FN:51,(anonymous_2)
FN:52,(anonymous_3)
FN:60,(anonymous_4)
FN:68,unique
FN:72,(anonymous_6)
FN:75,(anonymous_7)
FNF:8
FNH:7
FNDA:3,(anonymous_0)
FNDA:21,(anonymous_1)
FNDA:25,(anonymous_2)
FNDA:11,(anonymous_3)
FNDA:0,(anonymous_4)
FNDA:3,unique
FNDA:15,(anonymous_6)
FNDA:11,(anonymous_7)
DA:46,3
DA:50,21
DA:51,25
DA:53,11
DA:54,11
DA:55,11
DA:61,0
DA:62,0
DA:71,3
DA:72,3
DA:73,15
DA:75,11
LF:12
LH:10
BRDA:50,0,0,21
BRDA:50,0,1,19
BRDA:54,1,0,11
BRDA:54,1,1,8
BRDA:54,1,2,2
BRDA:61,2,0,0
BRDA:61,2,1,0
BRDA:61,3,0,0
BRDA:61,3,1,0
BRF:9
BRH:5
end_of_record
TN:
SF:C:\Users\Dell\Desktop\y-components\tests\unit\pager.spec.js
FN:8,(anonymous_0)
FN:9,(anonymous_1)
FN:12,(anonymous_2)
FN:22,(anonymous_3)
FN:32,(anonymous_4)
FNF:5
FNH:5
FNDA:1,(anonymous_0)
FNDA:1,(anonymous_1)
FNDA:1,(anonymous_2)
FNDA:1,(anonymous_3)
FNDA:1,(anonymous_4)
DA:6,1
DA:8,1
DA:9,1
DA:10,1
DA:12,1
DA:13,1
DA:19,1
DA:22,1
DA:23,1
DA:29,1
DA:32,1
DA:33,1
DA:40,1
LF:13
LH:13
BRF:0
BRH:0
end_of_record
TN:
SF:C:\Users\Dell\Desktop\y-components\src\popover.vue
FN:20,(anonymous_0)
FN:27,(anonymous_1)
FN:32,(anonymous_2)
FN:37,(anonymous_3)
FN:45,(anonymous_4)
FN:54,(anonymous_5)
FN:61,(anonymous_6)
FN:70,(anonymous_7)
FN:90,(anonymous_8)
FN:100,(anonymous_9)
FN:103,(anonymous_10)
FN:108,(anonymous_11)
FN:112,(anonymous_12)
FNF:13
FNH:8
FNDA:2,(anonymous_0)
FNDA:2,(anonymous_1)
FNDA:2,(anonymous_2)
FNDA:2,(anonymous_3)
FNDA:0,(anonymous_4)
FNDA:0,(anonymous_5)
FNDA:0,(anonymous_6)
FNDA:2,(anonymous_7)
FNDA:0,(anonymous_8)
FNDA:2,(anonymous_9)
FNDA:2,(anonymous_10)
FNDA:0,(anonymous_11)
FNDA:1,(anonymous_12)
DA:21,2
DA:28,2
DA:33,2
DA:38,2
DA:39,1
DA:41,1
DA:42,1
DA:46,0
DA:47,0
DA:49,0
DA:50,0
DA:55,0
DA:56,0
DA:58,0
DA:62,0
DA:63,0
DA:65,0
DA:71,2
DA:72,2
DA:73,2
DA:74,2
DA:75,2
DA:87,2
DA:88,2
DA:92,0
DA:94,0
DA:95,0
DA:97,0
DA:98,0
DA:101,2
DA:103,2
DA:104,2
DA:105,2
DA:109,0
DA:110,0
DA:114,1
DA:115,1
DA:116,0
DA:118,1
LF:39
LH:21
BRDA:38,0,0,1
BRDA:38,0,1,1
BRDA:46,1,0,0
BRDA:46,1,1,0
BRDA:55,2,0,0
BRDA:55,2,1,0
BRDA:62,3,0,0
BRDA:62,3,1,0
BRDA:92,4,0,0
BRDA:92,4,1,0
BRDA:92,5,0,0
BRDA:92,5,1,0
BRDA:92,5,2,0
BRDA:95,6,0,0
BRDA:95,6,1,0
BRDA:95,7,0,0
BRDA:95,7,1,0
BRDA:95,7,2,0
BRDA:114,8,0,1
BRDA:114,8,1,0
BRDA:115,9,0,0
BRDA:115,9,1,1
BRF:22
BRH:4
end_of_record
TN:
SF:C:\Users\Dell\Desktop\y-components\tests\unit\popover.spec.js
FN:8,(anonymous_0)
FN:9,(anonymous_1)
FN:13,(anonymous_2)
FN:28,(anonymous_3)
FNF:4
FNH:4
FNDA:1,(anonymous_0)
FNDA:1,(anonymous_1)
FNDA:1,(anonymous_2)
FNDA:1,(anonymous_3)
DA:6,1
DA:8,1
DA:9,1
DA:10,1
DA:13,1
DA:14,1
DA:23,1
DA:24,1
DA:25,1
DA:28,1
DA:29,1
DA:40,1
DA:41,1
DA:43,1
LF:14
LH:14
BRF:0
BRH:0
end_of_record
TN:
SF:C:\Users\Dell\Desktop\y-components\src\slides\slides.vue
FN:47,(anonymous_0)
FN:56,(anonymous_1)
FN:63,(anonymous_2)
FN:66,(anonymous_3)
FN:70,(anonymous_4)
FN:74,(anonymous_5)
FN:75,(anonymous_6)
FN:77,(anonymous_7)
FN:78,(anonymous_8)
FN:82,(anonymous_9)
FN:85,(anonymous_10)
FN:88,(anonymous_11)
FN:95,(anonymous_12)
FN:110,(anonymous_13)
FN:114,(anonymous_14)
FN:117,(anonymous_15)
FN:121,(anonymous_16)
FN:125,(anonymous_17)
FN:133,(anonymous_18)
FN:137,(anonymous_19)
FN:141,(anonymous_20)
FN:153,(anonymous_21)
FN:157,(anonymous_22)
FN:159,(anonymous_23)
FN:170,(anonymous_24)
FNF:25
FNH:16
FNDA:4,(anonymous_0)
FNDA:4,(anonymous_1)
FNDA:12,(anonymous_2)
FNDA:0,(anonymous_3)
FNDA:4,(anonymous_4)
FNDA:4,(anonymous_5)
FNDA:12,(anonymous_6)
FNDA:4,(anonymous_7)
FNDA:20,(anonymous_8)
FNDA:0,(anonymous_9)
FNDA:0,(anonymous_10)
FNDA:0,(anonymous_11)
FNDA:0,(anonymous_12)
FNDA:0,(anonymous_13)
FNDA:0,(anonymous_14)
FNDA:0,(anonymous_15)
FNDA:1,(anonymous_16)
FNDA:1,(anonymous_17)
FNDA:0,(anonymous_18)
FNDA:2,(anonymous_19)
FNDA:1,(anonymous_20)
FNDA:17,(anonymous_21)
FNDA:16,(anonymous_22)
FNDA:48,(anonymous_23)
FNDA:48,(anonymous_24)
DA:48,4
DA:57,4
DA:58,4
DA:59,1
DA:61,4
DA:64,12
DA:67,0
DA:71,4
DA:72,4
DA:75,12
DA:78,20
DA:83,0
DA:86,0
DA:89,0
DA:90,0
DA:91,0
DA:93,0
DA:96,0
DA:97,0
DA:98,0
DA:100,0
DA:101,0
DA:102,0
DA:103,0
DA:104,0
DA:105,0
DA:107,0
DA:110,0
DA:111,0
DA:115,0
DA:118,0
DA:122,1
DA:123,0
DA:125,1
DA:126,1
DA:127,1
DA:128,1
DA:129,1
DA:131,1
DA:134,0
DA:135,0
DA:138,2
DA:139,0
DA:141,2
DA:142,1
DA:143,1
DA:144,0
DA:146,1
DA:147,0
DA:149,1
DA:154,17
DA:155,17
DA:158,16
DA:159,16
DA:160,48
DA:161,48
DA:162,12
DA:163,0
DA:165,12
DA:166,0
DA:169,48
DA:170,48
DA:171,48
LF:63
LH:34
BRDA:58,0,0,1
BRDA:58,0,1,3
BRDA:72,1,0,1
BRDA:72,1,1,3
BRDA:90,2,0,0
BRDA:90,2,1,0
BRDA:103,3,0,0
BRDA:103,3,1,0
BRDA:104,4,0,0
BRDA:104,4,1,0
BRDA:122,5,0,0
BRDA:122,5,1,1
BRDA:138,6,0,0
BRDA:138,6,1,2
BRDA:143,7,0,0
BRDA:143,7,1,1
BRDA:146,8,0,0
BRDA:146,8,1,1
BRDA:155,9,0,17
BRDA:155,9,1,3
BRDA:161,10,0,12
BRDA:161,10,1,36
BRDA:162,11,0,0
BRDA:162,11,1,12
BRDA:162,12,0,12
BRDA:162,12,1,0
BRDA:165,13,0,0
BRDA:165,13,1,12
BRDA:165,14,0,12
BRDA:165,14,1,0
BRF:30
BRH:16
end_of_record
TN:
SF:C:\Users\Dell\Desktop\y-components\src\slides\slides-item.vue
FN:27,(anonymous_0)
FN:34,(anonymous_1)
FN:38,(anonymous_2)
FNF:3
FNH:3
FNDA:12,(anonymous_0)
FNDA:31,(anonymous_1)
FNDA:24,(anonymous_2)
DA:28,12
DA:35,31
DA:39,24
LF:3
LH:3
BRF:0
BRH:0
end_of_record
TN:
SF:C:\Users\Dell\Desktop\y-components\tests\unit\slides.spec.js
FN:10,(anonymous_0)
FN:11,(anonymous_1)
FN:15,(anonymous_2)
FN:35,(anonymous_3)
FN:43,(anonymous_4)
FN:64,(anonymous_5)
FN:70,(anonymous_6)
FN:91,(anonymous_7)
FN:97,(anonymous_8)
FN:102,(anonymous_9)
FN:129,(anonymous_10)
FN:130,(anonymous_11)
FN:138,(anonymous_12)
FN:164,(anonymous_13)
FNF:14
FNH:11
FNDA:1,(anonymous_0)
FNDA:1,(anonymous_1)
FNDA:1,(anonymous_2)
FNDA:1,(anonymous_3)
FNDA:1,(anonymous_4)
FNDA:1,(anonymous_5)
FNDA:1,(anonymous_6)
FNDA:1,(anonymous_7)
FNDA:1,(anonymous_8)
FNDA:1,(anonymous_9)
FNDA:1,(anonymous_10)
FNDA:0,(anonymous_11)
FNDA:0,(anonymous_12)
FNDA:0,(anonymous_13)
DA:8,1
DA:10,1
DA:11,1
DA:12,1
DA:15,1
DA:16,1
DA:17,1
DA:35,1
DA:36,1
DA:37,1
DA:38,1
DA:43,1
DA:44,1
DA:45,1
DA:64,1
DA:65,1
DA:66,1
DA:70,1
DA:71,1
DA:72,1
DA:92,1
DA:93,1
DA:97,1
DA:98,1
DA:102,1
DA:103,1
DA:104,1
DA:105,1
DA:129,1
DA:130,1
DA:131,0
DA:132,0
DA:134,1
DA:138,1
DA:139,0
DA:140,0
DA:141,0
DA:164,0
DA:165,0
DA:166,0
DA:167,0
LF:41
LH:32
BRF:0
BRH:0
end_of_record
TN:
SF:C:\Users\Dell\Desktop\y-components\src\XMLHttpRequest.js
FN:1,core
FN:4,(anonymous_1)
FN:7,(anonymous_2)
FN:13,(anonymous_3)
FN:16,(anonymous_4)
FN:17,(anonymous_5)
FNF:6
FNH:0
FNDA:0,core
FNDA:0,(anonymous_1)
FNDA:0,(anonymous_2)
FNDA:0,(anonymous_3)
FNDA:0,(anonymous_4)
FNDA:0,(anonymous_5)
DA:2,0
DA:3,0
DA:4,0
DA:5,0
DA:7,0
DA:8,0
DA:10,0
DA:14,0
LF:8
LH:0
BRDA:5,0,0,0
BRDA:5,0,1,0
BRDA:8,1,0,0
BRDA:8,1,1,0
BRF:4
BRH:0
end_of_record
TN:
SF:C:\Users\Dell\Desktop\y-components\src\uploader\uploader.vue
FN:61,(anonymous_0)
FN:68,(anonymous_1)
FN:74,(anonymous_2)
FN:76,(anonymous_3)
FN:83,(anonymous_4)
FN:94,(anonymous_5)
FN:108,(anonymous_6)
FN:118,(anonymous_7)
FN:122,(anonymous_8)
FN:134,(anonymous_9)
FN:155,(anonymous_10)
FN:159,(anonymous_11)
FN:165,(anonymous_12)
FN:166,(anonymous_13)
FN:182,(anonymous_14)
FN:183,(anonymous_15)
FN:191,(anonymous_16)
FN:197,(anonymous_17)
FNF:18
FNH:9
FNDA:0,(anonymous_0)
FNDA:1,(anonymous_1)
FNDA:1,(anonymous_2)
FNDA:1,(anonymous_3)
FNDA:0,(anonymous_4)
FNDA:1,(anonymous_5)
FNDA:1,(anonymous_6)
FNDA:0,(anonymous_7)
FNDA:0,(anonymous_8)
FNDA:1,(anonymous_9)
FNDA:0,(anonymous_10)
FNDA:0,(anonymous_11)
FNDA:0,(anonymous_12)
FNDA:0,(anonymous_13)
FNDA:1,(anonymous_14)
FNDA:0,(anonymous_15)
FNDA:1,(anonymous_16)
FNDA:1,(anonymous_17)
DA:61,0
DA:69,1
DA:75,1
DA:76,1
DA:77,1
DA:78,1
DA:81,1
DA:84,0
DA:85,0
DA:86,0
DA:87,0
DA:88,0
DA:89,0
DA:96,1
DA:99,1
DA:100,1
DA:101,1
DA:102,0
DA:103,0
DA:108,1
DA:109,1
DA:110,1
DA:113,1
DA:114,1
DA:122,0
DA:123,0
DA:124,0
DA:125,0
DA:126,0
DA:127,0
DA:128,0
DA:130,0
DA:131,0
DA:136,1
DA:138,1
DA:139,1
DA:140,1
DA:141,1
DA:142,1
DA:145,1
DA:146,0
DA:150,1
DA:151,1
DA:152,1
DA:153,1
DA:154,1
DA:155,1
DA:156,0
DA:157,0
DA:158,0
DA:160,0
DA:166,0
DA:167,0
DA:169,0
DA:171,0
DA:172,0
DA:173,0
DA:175,0
DA:176,0
DA:177,0
DA:178,0
DA:180,0
DA:183,1
DA:184,0
DA:185,0
DA:186,0
DA:187,0
DA:189,1
DA:193,1
DA:198,1
DA:199,1
DA:200,1
DA:201,1
DA:202,1
DA:203,1
LF:75
LH:37
BRDA:85,0,0,0
BRDA:85,0,1,0
BRDA:101,1,0,0
BRDA:101,1,1,1
BRDA:145,2,0,0
BRDA:145,2,1,1
BRDA:177,3,0,0
BRDA:177,3,1,0
BRF:8
BRH:2
end_of_record
TN:
SF:C:\Users\Dell\Desktop\y-components\tests\unit\uploader.spec.js
FN:10,(anonymous_0)
FN:11,(anonymous_1)
FN:15,(anonymous_2)
FN:16,(anonymous_3)
FN:17,(anonymous_4)
FN:28,(anonymous_5)
FN:36,(anonymous_6)
FN:37,(anonymous_7)
FNF:8
FNH:5
FNDA:1,(anonymous_0)
FNDA:1,(anonymous_1)
FNDA:1,(anonymous_2)
FNDA:1,(anonymous_3)
FNDA:0,(anonymous_4)
FNDA:0,(anonymous_5)
FNDA:1,(anonymous_6)
FNDA:0,(anonymous_7)
DA:8,1
DA:10,1
DA:11,1
DA:12,1
DA:15,1
DA:16,1
DA:17,1
DA:18,0
DA:22,1
DA:29,0
DA:30,0
DA:36,1
DA:39,0
DA:40,0
DA:41,0
DA:42,0
DA:49,1
DA:52,1
DA:53,1
DA:54,1
DA:57,1
DA:58,1
DA:59,1
DA:62,1
DA:63,1
LF:25
LH:18
BRF:0
BRH:0
end_of_record
TN:
SF:C:\Users\Dell\Desktop\y-components\src\validate.js
FN:2,(anonymous_0)
FN:6,(anonymous_1)
FN:8,(anonymous_2)
FN:10,(anonymous_3)
FN:21,(anonymous_4)
FN:22,(anonymous_5)
FN:37,(anonymous_6)
FN:43,(anonymous_7)
FN:52,(anonymous_8)
FN:58,(anonymous_9)
FN:65,ensureObject
FNF:11
FNH:11
FNDA:1,(anonymous_0)
FNDA:15,(anonymous_1)
FNDA:15,(anonymous_2)
FNDA:15,(anonymous_3)
FNDA:40,(anonymous_4)
FNDA:16,(anonymous_5)
FNDA:9,(anonymous_6)
FNDA:6,(anonymous_7)
FNDA:2,(anonymous_8)
FNDA:2,(anonymous_9)
FNDA:13,ensureObject
DA:3,1
DA:9,15
DA:10,15
DA:11,15
DA:12,15
DA:13,9
DA:14,9
DA:15,2
DA:16,2
DA:17,2
DA:21,40
DA:22,13
DA:23,16
DA:24,14
DA:25,14
DA:26,11
DA:27,11
DA:30,2
DA:34,13
DA:38,9
DA:39,2
DA:44,6
DA:45,4
DA:47,6
DA:48,4
DA:53,2
DA:54,1
DA:59,2
DA:60,2
DA:66,13
DA:67,11
LF:31
LH:31
BRDA:12,0,0,9
BRDA:12,0,1,6
BRDA:14,1,0,2
BRDA:14,1,1,7
BRDA:21,2,0,40
BRDA:21,2,1,27
BRDA:23,3,0,14
BRDA:23,3,1,2
BRDA:25,4,0,11
BRDA:25,4,1,3
BRDA:38,5,0,2
BRDA:38,5,1,7
BRDA:38,6,0,9
BRDA:38,6,1,8
BRDA:44,7,0,4
BRDA:44,7,1,2
BRDA:47,8,0,4
BRDA:47,8,1,2
BRDA:53,9,0,1
BRDA:53,9,1,1
BRDA:59,10,0,2
BRDA:59,10,1,0
BRDA:66,11,0,11
BRDA:66,11,1,2
BRF:24
BRH:23
end_of_record
TN:
SF:C:\Users\Dell\Desktop\y-components\tests\unit\validate.spec.js
FN:9,(anonymous_0)
FN:10,(anonymous_1)
FN:14,(anonymous_2)
FN:26,(anonymous_3)
FN:38,(anonymous_4)
FN:50,(anonymous_5)
FN:62,(anonymous_6)
FN:73,(anonymous_7)
FN:85,(anonymous_8)
FN:97,(anonymous_9)
FN:109,(anonymous_10)
FN:120,(anonymous_11)
FN:131,(anonymous_12)
FN:137,(anonymous_13)
FN:142,(anonymous_14)
FN:149,(anonymous_15)
FN:155,(anonymous_16)
FN:161,(anonymous_17)
FN:168,(anonymous_18)
FN:171,(anonymous_19)
FN:176,(anonymous_20)
FN:182,(anonymous_21)
FN:189,(anonymous_22)
FN:192,(anonymous_23)
FNF:24
FNH:24
FNDA:1,(anonymous_0)
FNDA:1,(anonymous_1)
FNDA:1,(anonymous_2)
FNDA:1,(anonymous_3)
FNDA:1,(anonymous_4)
FNDA:1,(anonymous_5)
FNDA:1,(anonymous_6)
FNDA:1,(anonymous_7)
FNDA:1,(anonymous_8)
FNDA:1,(anonymous_9)
FNDA:1,(anonymous_10)
FNDA:1,(anonymous_11)
FNDA:1,(anonymous_12)
FNDA:1,(anonymous_13)
FNDA:1,(anonymous_14)
FNDA:1,(anonymous_15)
FNDA:1,(anonymous_16)
FNDA:1,(anonymous_17)
FNDA:1,(anonymous_18)
FNDA:1,(anonymous_19)
FNDA:1,(anonymous_20)
FNDA:2,(anonymous_21)
FNDA:1,(anonymous_22)
FNDA:1,(anonymous_23)
DA:7,1
DA:9,1
DA:10,1
DA:11,1
DA:14,1
DA:15,1
DA:18,1
DA:21,1
DA:22,1
DA:23,1
DA:26,1
DA:27,1
DA:30,1
DA:33,1
DA:34,1
DA:35,1
DA:38,1
DA:39,1
DA:42,1
DA:45,1
DA:46,1
DA:47,1
DA:50,1
DA:51,1
DA:54,1
DA:57,1
DA:58,1
DA:59,1
DA:62,1
DA:63,1
DA:66,1
DA:69,1
DA:70,1
DA:71,1
DA:73,1
DA:74,1
DA:77,1
DA:80,1
DA:81,1
DA:82,1
DA:85,1
DA:86,1
DA:89,1
DA:92,1
DA:93,1
DA:94,1
DA:95,1
DA:97,1
DA:98,1
DA:101,1
DA:104,1
DA:105,1
DA:106,1
DA:107,1
DA:109,1
DA:110,1
DA:113,1
DA:116,1
DA:117,1
DA:118,1
DA:120,1
DA:121,1
DA:124,1
DA:131,1
DA:132,1
DA:133,1
DA:135,1
DA:137,1
DA:138,1
DA:141,1
DA:142,1
DA:143,1
DA:144,1
DA:147,1
DA:149,1
DA:150,1
DA:152,1
DA:153,1
DA:155,1
DA:156,1
DA:159,1
DA:160,1
DA:161,1
DA:162,1
DA:163,1
DA:166,1
DA:168,1
DA:169,1
DA:171,1
DA:172,1
DA:176,1
DA:177,1
DA:180,1
DA:181,1
DA:182,1
DA:183,2
DA:184,2
DA:187,1
DA:189,1
DA:190,1
DA:192,1
DA:193,1
LF:102
LH:102
BRDA:143,0,0,1
BRDA:143,0,1,0
BRDA:162,1,0,1
BRDA:162,1,1,0
BRDA:183,2,0,2
BRDA:183,2,1,0
BRF:6
BRH:3
end_of_record
